<?xml version="1.0" encoding="UTF-8"?>
<!-- Generated by org.testng.reporters.JUnitReportReporter -->
<testsuite hostname="Amits-MacBook-Air.local" failures="0" tests="1" name="api_responses_validation.SumValidation" time="0.449" errors="0" timestamp="2024-01-26T14:00:26 IST" skipped="0">
  <testcase classname="api_responses_validation.SumValidation" name="sumOfCourses" time="0.449"/>
</testsuite> <!-- api_responses_validation.SumValidation -->
