<?xml version="1.0" encoding="UTF-8"?>
<!-- Generated by org.testng.reporters.JUnitReportReporter -->
<testsuite hostname="Amits-MacBook-Air.local" failures="0" tests="1" name="Framework.ExcelDriven.JsonUsingHashmap" time="1.070" errors="0" timestamp="2024-02-03T21:11:45 IST" skipped="0">
  <testcase classname="Framework.ExcelDriven.JsonUsingHashmap" name="addBook" time="1.070"/>
</testsuite> <!-- Framework.ExcelDriven.JsonUsingHashmap -->
