<?xml version="1.0" encoding="UTF-8"?>
<!-- Generated by org.testng.reporters.JUnitReportReporter -->
<testsuite hostname="Amits-MacBook-Air.local" failures="0" tests="3" name="api_responses_validation.DynamicJson" time="1.096" errors="0" timestamp="2024-01-17T16:44:24 IST" skipped="0">
  <testcase classname="api_responses_validation.DynamicJson" name="deleteBook" time="0.160"/>
  <testcase classname="api_responses_validation.DynamicJson" name="deleteBook" time="0.792"/>
  <testcase classname="api_responses_validation.DynamicJson" name="deleteBook" time="0.144"/>
</testsuite> <!-- api_responses_validation.DynamicJson -->
